<?xml version="1.0" encoding="UTF-8"?>
<!-- Generated by org.testng.reporters.JUnitReportReporter -->
<testsuite skipped="0" hostname="RenAyobamiEL" name="TestCases.UpdateCustInfo" tests="1" failures="0" timestamp="30 Apr 2020 20:03:32 GMT" time="25.947" errors="0">
  <testcase name="UpdateCust" time="25.947" classname="TestCases.UpdateCustInfo"/>
</testsuite> <!-- TestCases.UpdateCustInfo -->
