<?xml version="1.0" encoding="UTF-8"?>
<!-- Generated by org.testng.reporters.JUnitReportReporter -->
<testsuite skipped="0" hostname="RenAyobamiEL" name="TestCases.AddToCartTest" tests="1" failures="0" timestamp="23 Jun 2020 08:57:32 GMT" time="15.030" errors="0">
  <testcase name="AddToCart" time="15.030" classname="TestCases.AddToCartTest"/>
</testsuite> <!-- TestCases.AddToCartTest -->
