<?xml version="1.0" encoding="UTF-8"?>
<!-- Generated by org.testng.reporters.JUnitReportReporter -->
<testsuite skipped="0" hostname="RenAyobamiEL" name="TestCases.CheckOutTest" tests="1" failures="0" timestamp="23 Jun 2020 09:36:48 GMT" time="13.872" errors="0">
  <testcase name="CheckOut" time="13.872" classname="TestCases.CheckOutTest"/>
</testsuite> <!-- TestCases.CheckOutTest -->
