<?xml version="1.0" encoding="UTF-8"?>
<!-- Generated by org.testng.reporters.JUnitReportReporter -->
<testsuite skipped="0" hostname="RenAyobamiEL" name="TestCases.ReferalCodeTest" tests="1" failures="0" timestamp="23 Jun 2020 13:39:26 GMT" time="33.451" errors="0">
  <testcase name="ReferalCode" time="33.451" classname="TestCases.ReferalCodeTest"/>
</testsuite> <!-- TestCases.ReferalCodeTest -->
