<?xml version="1.0" encoding="UTF-8"?>
<!-- Generated by org.testng.reporters.JUnitReportReporter -->
<testsuite skipped="0" hostname="RenAyobamiEL" name="TestCases.LoginTest2" tests="1" failures="0" timestamp="02 May 2020 10:07:08 GMT" time="2.908" errors="0">
  <testcase name="Login" time="2.908" classname="TestCases.LoginTest2"/>
</testsuite> <!-- TestCases.LoginTest2 -->
