<?xml version="1.0" encoding="UTF-8"?>
<!-- Generated by org.testng.reporters.JUnitReportReporter -->
<testsuite skipped="0" hostname="RenAyobamiEL" name="Reusable.BaseClass" tests="1" failures="0" timestamp="30 Apr 2020 20:30:13 GMT" time="6.179" errors="0">
  <testcase name="Login" time="6.179" classname="Reusable.BaseClass"/>
</testsuite> <!-- Reusable.BaseClass -->
