<?xml version="1.0" encoding="UTF-8"?>
<!-- Generated by org.testng.reporters.JUnitReportReporter -->
<testsuite skipped="0" hostname="RenAyobamiEL" name="TestCases.RestrictionMerchantTest" tests="1" failures="0" timestamp="23 Jun 2020 14:24:01 GMT" time="31.820" errors="0">
  <testcase name="RestrictionAdmin" time="31.820" classname="TestCases.RestrictionMerchantTest"/>
</testsuite> <!-- TestCases.RestrictionMerchantTest -->
