<?xml version="1.0" encoding="UTF-8"?>
<!-- Generated by org.testng.reporters.JUnitReportReporter -->
<testsuite skipped="0" hostname="RenAyobamiEL" name="TestCases.RestrictionAdminTest" tests="1" failures="0" timestamp="23 Jun 2020 14:14:18 GMT" time="26.264" errors="0">
  <testcase name="RestrictionAdmin" time="26.264" classname="TestCases.RestrictionAdminTest"/>
</testsuite> <!-- TestCases.RestrictionAdminTest -->
