<?xml version="1.0" encoding="UTF-8"?>
<!-- Generated by org.testng.reporters.JUnitReportReporter -->
<testsuite skipped="0" hostname="RenAyobamiEL" name="TestCases.SelectShopTest" tests="1" failures="0" timestamp="01 May 2020 08:21:37 GMT" time="27.284" errors="0">
  <testcase name="SelectShop" time="27.284" classname="TestCases.SelectShopTest"/>
</testsuite> <!-- TestCases.SelectShopTest -->
