<?xml version="1.0" encoding="UTF-8"?>
<!-- Generated by org.testng.reporters.JUnitReportReporter -->
<testsuite skipped="0" hostname="RenAyobamiEL" name="TestCases.LoginSuccessTest" tests="1" failures="0" timestamp="23 Jun 2020 08:49:28 GMT" time="12.149" errors="0">
  <testcase name="LoginSuccess" time="12.149" classname="TestCases.LoginSuccessTest"/>
</testsuite> <!-- TestCases.LoginSuccessTest -->
