<?xml version="1.0" encoding="UTF-8"?>
<!-- Generated by org.testng.reporters.JUnitReportReporter -->
<testsuite skipped="0" hostname="RenAyobamiEL" name="TestCases.SearchProductTest" tests="1" failures="0" timestamp="23 Jun 2020 14:36:32 GMT" time="9.022" errors="0">
  <testcase name="SearchProduct" time="9.022" classname="TestCases.SearchProductTest"/>
</testsuite> <!-- TestCases.SearchProductTest -->
