<?xml version="1.0" encoding="UTF-8"?>
<!-- Generated by org.testng.reporters.JUnitReportReporter -->
<testsuite skipped="0" hostname="RenAyobamiEL" name="TestCases.ForgotPasswordTest" tests="1" failures="0" timestamp="23 Jun 2020 10:03:47 GMT" time="10.257" errors="0">
  <testcase name="ForgotPassword" time="10.257" classname="TestCases.ForgotPasswordTest"/>
</testsuite> <!-- TestCases.ForgotPasswordTest -->
