<?xml version="1.0" encoding="UTF-8"?>
<!-- Generated by org.testng.reporters.JUnitReportReporter -->
<testsuite skipped="0" hostname="RenAyobamiEL" name="TestCases.LoginTest" tests="1" failures="0" timestamp="02 May 2020 10:20:08 GMT" time="1.515" errors="0">
  <testcase name="Login" time="1.515" classname="TestCases.LoginTest"/>
</testsuite> <!-- TestCases.LoginTest -->
